2023-10-19 14:00:08 unknown <<< 接收: 68 74 74 70 3A 2F 2F 77 77 77 2E 63 6D 73 6F 66 74 2E 63 6E
2023-10-19 14:00:08 unknown <<< 接收: 68 74 74 70 3A 2F 2F 77 77 77 2E 63 6D 73 6F 66 74 2E 63 6E
2023-10-19 14:00:08 unknown <<< 接收: 68 74 74 70 3A 2F 2F 77 77 77 2E 63 6D 73 6F 66 74 2E 63 6E
2023-10-19 14:00:09 unknown <<< 接收: 68 74 74 70 3A 2F 2F 77 77 77 2E 63 6D 73 6F 66 74 2E 63 6E
2023-10-19 14:00:09 unknown <<< 接收: 68 74 74 70 3A 2F 2F 77 77 77 2E 63 6D 73 6F 66 74 2E 63 6E
2023-10-19 14:00:10 unknown <<< 接收: 68 74 74 70 3A 2F 2F 77 77 77 2E 63 6D 73 6F 66 74 2E 63 6E
2023-10-19 14:00:10 unknown <<< 接收: 68 74 74 70 3A 2F 2F 77 77 77 2E 63 6D 73 6F 66 74 2E 63 6E
2023-10-19 14:00:10 unknown <<< 接收: 68 74 74 70 3A 2F 2F 77 77 77 2E 63 6D 73 6F 66 74 2E 63 6E
2023-10-19 14:00:36 unknown <<< 接收: 68 74 74 70 3A 2F 2F 77 77
2023-10-19 14:00:39 unknown <<< 接收: 68 74 74 70 3A 2F 2F 77 77 77 2E 63 6D 73 6F 66 74 2E 63 6E
2023-10-19 14:00:41 unknown <<< 接收: 68 74 74 70 3A 2F 2F 77 77
2023-10-19 14:00:42 unknown <<< 接收: 68 74 74 70 3A 2F 2F 77 77 77 2E 63 6D 73 6F 66 74 2E 63 6E
2023-10-19 19:00:53 unknown <<< 接收: 68 74 74 70 3A 2F 2F 77 77
2023-10-19 19:01:06 unknown <<< 接收: 68 74 74 70 3A 2F 2F 77 77
2023-10-19 19:01:08 unknown <<< 接收: 68 74 74 70 3A 2F 2F 77 77
2023-10-19 19:01:51 unknown <<< 接收: 68 74 74 70 3A 2F 2F 77 77
2023-10-19 19:01:51 unknown <<< 接收: 68 74 74 70 3A 2F 2F 77 77
2023-10-19 19:01:52 unknown <<< 接收: 68 74 74 70 3A 2F 2F 77 77
2023-10-19 19:01:52 unknown <<< 接收: 68 74 74 70 3A 2F 2F 77 77
2023-10-19 19:01:52 unknown <<< 接收: 68 74 74 70 3A 2F 2F 77 77
2023-10-19 19:01:52 unknown <<< 接收: 68 74 74 70 3A 2F 2F 77 77
2023-10-19 19:01:52 unknown <<< 接收: 68 74 74 70 3A 2F 2F 77 77
2023-10-19 19:01:52 unknown <<< 接收: 68 74 74 70 3A 2F 2F 77 77
2023-10-19 19:01:53 unknown <<< 接收: 68 74 74 70 3A 2F 2F 77 77
2023-10-19 19:01:53 unknown <<< 接收: 68 74 74 70 3A 2F 2F 77 77
2023-10-19 19:01:53 unknown <<< 接收: 68 74 74 70 3A 2F 2F 77 77
2023-10-19 19:01:53 unknown <<< 接收: 68 74 74 70 3A 2F 2F 77 77
2023-10-19 19:01:53 unknown <<< 接收: 68 74 74 70 3A 2F 2F 77 77
2023-10-19 19:01:54 unknown <<< 接收: 68 74 74 70 3A 2F 2F 77 77
2023-10-19 19:02:14 unknown <<< 接收: 68 74 74 70 3A 2F 2F 77 77 77 2E 63 6D 73 6F 66 74 2E 63 6E
2023-10-19 19:02:15 unknown <<< 接收: 68 74 74 70 3A 2F 2F 77 77 77 2E 63 6D 73 6F 66 74 2E 63 6E
2023-10-19 19:02:15 unknown <<< 接收: 68 74 74 70 3A 2F 2F 77 77 77 2E 63 6D 73 6F 66 74 2E 63 6E
2023-10-19 19:02:15 unknown <<< 接收: 68 74 74 70 3A 2F 2F 77 77 77 2E 63 6D 73 6F 66 74 2E 63 6E
2023-10-19 19:02:15 unknown <<< 接收: 68 74 74 70 3A 2F 2F 77 77 77 2E 63 6D 73 6F 66 74 2E 63 6E
2023-10-19 19:02:15 unknown <<< 接收: 68 74 74 70 3A 2F 2F 77 77 77 2E 63 6D 73 6F 66 74 2E 63 6E
2023-10-19 19:02:15 unknown <<< 接收: 68 74 74 70 3A 2F 2F 77 77 77 2E 63 6D 73 6F 66 74 2E 63 6E
2023-10-19 20:10:13 unknown <<< 接收: 68 74 74 70 3A 2F 2F 77 77 77 2E 63 6D 73 6F 66 74 2E 63 6E
2023-10-19 20:10:55 unknown <<< 接收: 68 74 74 70 3A 2F 2F 77 77 77 2E 63 6D 73 6F 66 74 2E 63 6E
2023-10-19 20:11:49 unknown <<< 接收: 68 74 74 70 3A 2F 2F 77 77 77 2E 63 6D 73 6F 66 74 2E 63 6E
2023-10-19 20:13:13 unknown <<< 接收: 68 74 74 70 3A 2F 2F 77 77 77 2E 63 6D 73 6F 66 74 2E 63 6E
2023-10-19 20:17:57 unknown <<< 接收: 68 74 74 70 3A 2F 2F 77 77 77 2E 63 6D 73 6F 66 74 2E 63 6E
2023-10-19 20:24:06 unknown <<< 接收: 68 74 74 70 3A 2F 2F 77 77
2023-10-19 20:27:10 unknown <<< 接收: 68 74 74 70 3A 2F 2F 77 77
2023-10-19 20:28:42 unknown <<< 接收: 68 74 74 70 3A 2F 2F 77 77
2023-10-19 20:31:17 unknown <<< 接收: 68 74 74 70 3A 2F 2F 77 77
2023-10-19 20:31:36 unknown >>> 发送: 12
2023-10-19 20:39:07 unknown <<< 接收: 68 74 74 70 3A 2F 2F 77 77 77 2E 63 6D 73 6F 66 74 2E 63 6E
2023-10-19 20:45:56 unknown <<< 接收: 68 74 74 70 3A 2F 2F 77 77 77 2E 63 6D 73 6F 66 74 2E 63 6E
2023-10-19 20:45:57 unknown <<< 接收: 68 74 74 70 3A 2F 2F 77 77 77 2E 63 6D 73 6F 66 74 2E 63 6E
2023-10-19 20:46:04 unknown >>> 发送: 12
2023-10-19 20:46:10 unknown >>> 发送: 12
2023-10-19 20:46:15 unknown >>> 发送: 12
2023-10-19 20:46:16 unknown >>> 发送: 12
2023-10-19 20:46:16 unknown >>> 发送: 12
2023-10-19 20:46:16 unknown >>> 发送: 12
2023-10-19 20:46:17 unknown >>> 发送: 12
2023-10-19 20:46:17 unknown >>> 发送: 12
2023-10-19 20:51:02 unknown <<< 接收: 68 74 74 70 3A 2F 2F 77 77
2023-10-19 20:51:08 unknown >>> 发送: 12
2023-10-19 20:51:12 unknown >>> 发送: 12
2023-10-19 20:51:46 unknown >>> 发送: 13 14
2023-10-19 20:51:54 unknown >>> 发送: 13 16
2023-10-19 20:52:01 unknown >>> 发送: 13 17
2023-10-19 20:52:05 unknown <<< 接收: 68 74 74 70 3A 2F 2F 77 77
2023-10-19 20:52:07 unknown <<< 接收: 68 74 74 70 3A 2F 2F 77 77 77 2E 63 6D 73 6F 66 74 2E 63 6E
2023-10-19 20:54:11 127.0.0.1:54985 <<< 接收: 68 74 74 70 3A 2F 2F 77 77 77 2E 63 6D 73 6F 66 74 2E 63 6E
2023-10-19 20:54:25 127.0.0.1:54985 >>> 发送: 12
2023-10-19 20:55:06 127.0.0.1:54989 <<< 接收: 68 74 74 70 3A 2F 2F 77 77 77 2E 63 6D 73 6F 66 74 2E 63 6E
2023-10-19 20:55:13 AllTcpSession >>> 发送: 13
2023-10-19 20:58:03 [127.0.0.1:55064] <<< 接收: 68 74 74 70 3A 2F 2F 77 77 77 2E 63 6D 73 6F 66 74 2E 63 6E
2023-10-19 20:58:19 [AllTcpSession] >>> 发送: 12
2023-10-19 21:01:47 [127.0.0.1:55064] >>> 发送: 12 13
